<?xml version="1.0" encoding="UTF-8"?>
<testng-results ignored="0" total="1" passed="1" failed="0" skipped="0">
  <reporter-output>
    <line>
      <![CDATA[EstablisH DB connectvity]]>
    </line>
    <line>
      <![CDATA[Report Configuration]]>
    </line>
    <line>
      <![CDATA[Pre conditions]]>
    </line>
    <line>
      <![CDATA[before class]]>
    </line>
    <line>
      <![CDATA[===========CreateCampaignBC=======STARTED======]]>
    </line>
    <line>
      <![CDATA[===========CreateCampaignBC=======SUCCESS======]]>
    </line>
    <line>
      <![CDATA[in after method]]>
    </line>
    <line>
      <![CDATA[in after class]]>
    </line>
    <line>
      <![CDATA[Post-conditions]]>
    </line>
    <line>
      <![CDATA[==================fINISHED======]]>
    </line>
    <line>
      <![CDATA[disconnect DB connectvity]]>
    </line>
  </reporter-output>
  <suite started-at="2025-06-28T08:26:14 IST" name="Default suite" finished-at="2025-06-28T08:26:25 IST" duration-ms="11353">
    <groups>
      <group name="smoke">
        <method signature="CreateCampaignByBaseClass.CreateCampaignBC()[pri:0, instance:BaseClassImplementataion.CreateCampaignByBaseClass@6c40365c]" name="CreateCampaignBC" class="BaseClassImplementataion.CreateCampaignByBaseClass"/>
      </group> <!-- smoke -->
    </groups>
    <test started-at="2025-06-28T08:26:14 IST" name="Default test" finished-at="2025-06-28T08:26:25 IST" duration-ms="11353">
      <class name="BaseClassImplementataion.CreateCampaignByBaseClass">
        <test-method is-config="true" signature="configBS()[pri:0, instance:BaseClassImplementataion.CreateCampaignByBaseClass@6c40365c]" started-at="2025-06-28T08:26:14 IST" name="configBS" finished-at="2025-06-28T08:26:14 IST" duration-ms="30" status="PASS">
          <reporter-output>
            <line>
              <![CDATA[EstablisH DB connectvity]]>
            </line>
          </reporter-output>
        </test-method> <!-- configBS -->
        <test-method is-config="true" signature="configBT()[pri:0, instance:BaseClassImplementataion.CreateCampaignByBaseClass@6c40365c]" started-at="2025-06-28T08:26:14 IST" name="configBT" finished-at="2025-06-28T08:26:14 IST" duration-ms="0" status="PASS">
          <reporter-output>
            <line>
              <![CDATA[Pre conditions]]>
            </line>
          </reporter-output>
        </test-method> <!-- configBT -->
        <test-method is-config="true" signature="configBC()[pri:0, instance:BaseClassImplementataion.CreateCampaignByBaseClass@6c40365c]" started-at="2025-06-28T08:26:14 IST" name="configBC" finished-at="2025-06-28T08:26:17 IST" duration-ms="2831" status="PASS">
          <reporter-output>
            <line>
              <![CDATA[before class]]>
            </line>
          </reporter-output>
        </test-method> <!-- configBC -->
        <test-method is-config="true" signature="configBM()[pri:0, instance:BaseClassImplementataion.CreateCampaignByBaseClass@6c40365c]" started-at="2025-06-28T08:26:17 IST" name="configBM" finished-at="2025-06-28T08:26:18 IST" duration-ms="1671" status="PASS">
          <reporter-output>
          </reporter-output>
        </test-method> <!-- configBM -->
        <test-method signature="CreateCampaignBC()[pri:0, instance:BaseClassImplementataion.CreateCampaignByBaseClass@6c40365c]" started-at="2025-06-28T08:26:18 IST" name="CreateCampaignBC" finished-at="2025-06-28T08:26:25 IST" duration-ms="6773" status="PASS">
          <reporter-output>
            <line>
              <![CDATA[===========CreateCampaignBC=======STARTED======]]>
            </line>
            <line>
              <![CDATA[===========CreateCampaignBC=======SUCCESS======]]>
            </line>
          </reporter-output>
        </test-method> <!-- CreateCampaignBC -->
        <test-method is-config="true" signature="configAM()[pri:0, instance:BaseClassImplementataion.CreateCampaignByBaseClass@6c40365c]" started-at="2025-06-28T08:26:25 IST" name="configAM" finished-at="2025-06-28T08:26:25 IST" duration-ms="1" status="PASS">
          <reporter-output>
            <line>
              <![CDATA[in after method]]>
            </line>
          </reporter-output>
        </test-method> <!-- configAM -->
        <test-method is-config="true" signature="configAT()[pri:0, instance:BaseClassImplementataion.CreateCampaignByBaseClass@6c40365c]" started-at="2025-06-28T08:26:25 IST" name="configAT" finished-at="2025-06-28T08:26:25 IST" duration-ms="0" status="PASS">
          <reporter-output>
            <line>
              <![CDATA[Post-conditions]]>
            </line>
          </reporter-output>
        </test-method> <!-- configAT -->
        <test-method is-config="true" signature="configAC()[pri:0, instance:BaseClassImplementataion.CreateCampaignByBaseClass@6c40365c]" started-at="2025-06-28T08:26:25 IST" name="configAC" finished-at="2025-06-28T08:26:25 IST" duration-ms="0" status="PASS">
          <reporter-output>
            <line>
              <![CDATA[in after class]]>
            </line>
          </reporter-output>
        </test-method> <!-- configAC -->
        <test-method is-config="true" signature="configAS()[pri:0, instance:BaseClassImplementataion.CreateCampaignByBaseClass@6c40365c]" started-at="2025-06-28T08:26:25 IST" name="configAS" finished-at="2025-06-28T08:26:25 IST" duration-ms="0" status="PASS">
          <reporter-output>
            <line>
              <![CDATA[disconnect DB connectvity]]>
            </line>
          </reporter-output>
        </test-method> <!-- configAS -->
      </class> <!-- BaseClassImplementataion.CreateCampaignByBaseClass -->
    </test> <!-- Default test -->
  </suite> <!-- Default suite -->
</testng-results>
